Determining if the pthread_create exist failed with the following output:
Change Dir: /home/esteban/RMlib/cmake-build-debug/CMakeFiles/CMakeTmp

Run Build Command:"/usr/bin/make" "cmTC_37769/fast"
/usr/bin/make -f CMakeFiles/cmTC_37769.dir/build.make CMakeFiles/cmTC_37769.dir/build
make[1]: se entra en el directorio '/home/esteban/RMlib/cmake-build-debug/CMakeFiles/CMakeTmp'
Building C object CMakeFiles/cmTC_37769.dir/CheckSymbolExists.c.o
/usr/bin/cc    -o CMakeFiles/cmTC_37769.dir/CheckSymbolExists.c.o   -c /home/esteban/RMlib/cmake-build-debug/CMakeFiles/CMakeTmp/CheckSymbolExists.c
Linking C executable cmTC_37769
/home/esteban/clion-2017.1.3/bin/cmake/bin/cmake -E cmake_link_script CMakeFiles/cmTC_37769.dir/link.txt --verbose=1
/usr/bin/cc      CMakeFiles/cmTC_37769.dir/CheckSymbolExists.c.o  -o cmTC_37769 
CMakeFiles/cmTC_37769.dir/CheckSymbolExists.c.o: En la función `main':
CheckSymbolExists.c:(.text+0x16): referencia a `pthread_create' sin definir
collect2: error: ld returned 1 exit status
CMakeFiles/cmTC_37769.dir/build.make:97: fallo en las instrucciones para el objetivo 'cmTC_37769'
make[1]: *** [cmTC_37769] Error 1
make[1]: se sale del directorio '/home/esteban/RMlib/cmake-build-debug/CMakeFiles/CMakeTmp'
Makefile:126: fallo en las instrucciones para el objetivo 'cmTC_37769/fast'
make: *** [cmTC_37769/fast] Error 2

File /home/esteban/RMlib/cmake-build-debug/CMakeFiles/CMakeTmp/CheckSymbolExists.c:
/* */
#include <pthread.h>

int main(int argc, char** argv)
{
  (void)argv;
#ifndef pthread_create
  return ((int*)(&pthread_create))[argc];
#else
  (void)argc;
  return 0;
#endif
}

Determining if the function pthread_create exists in the pthreads failed with the following output:
Change Dir: /home/esteban/RMlib/cmake-build-debug/CMakeFiles/CMakeTmp

Run Build Command:"/usr/bin/make" "cmTC_bc862/fast"
/usr/bin/make -f CMakeFiles/cmTC_bc862.dir/build.make CMakeFiles/cmTC_bc862.dir/build
make[1]: se entra en el directorio '/home/esteban/RMlib/cmake-build-debug/CMakeFiles/CMakeTmp'
Building C object CMakeFiles/cmTC_bc862.dir/CheckFunctionExists.c.o
/usr/bin/cc   -DCHECK_FUNCTION_EXISTS=pthread_create   -o CMakeFiles/cmTC_bc862.dir/CheckFunctionExists.c.o   -c /home/esteban/clion-2017.1.3/bin/cmake/share/cmake-3.8/Modules/CheckFunctionExists.c
Linking C executable cmTC_bc862
/home/esteban/clion-2017.1.3/bin/cmake/bin/cmake -E cmake_link_script CMakeFiles/cmTC_bc862.dir/link.txt --verbose=1
/usr/bin/cc  -DCHECK_FUNCTION_EXISTS=pthread_create    CMakeFiles/cmTC_bc862.dir/CheckFunctionExists.c.o  -o cmTC_bc862 -lpthreads 
/usr/bin/ld: no se puede encontrar -lpthreads
collect2: error: ld returned 1 exit status
CMakeFiles/cmTC_bc862.dir/build.make:97: fallo en las instrucciones para el objetivo 'cmTC_bc862'
make[1]: *** [cmTC_bc862] Error 1
make[1]: se sale del directorio '/home/esteban/RMlib/cmake-build-debug/CMakeFiles/CMakeTmp'
Makefile:126: fallo en las instrucciones para el objetivo 'cmTC_bc862/fast'
make: *** [cmTC_bc862/fast] Error 2


