Determining if the pthread_create exist failed with the following output:
Change Dir: /home/esteban/Server/cmake-build-debug/CMakeFiles/CMakeTmp

Run Build Command:"/usr/bin/make" "cmTC_4a340/fast"
/usr/bin/make -f CMakeFiles/cmTC_4a340.dir/build.make CMakeFiles/cmTC_4a340.dir/build
make[1]: se entra en el directorio '/home/esteban/Server/cmake-build-debug/CMakeFiles/CMakeTmp'
Building C object CMakeFiles/cmTC_4a340.dir/CheckSymbolExists.c.o
/usr/bin/cc    -o CMakeFiles/cmTC_4a340.dir/CheckSymbolExists.c.o   -c /home/esteban/Server/cmake-build-debug/CMakeFiles/CMakeTmp/CheckSymbolExists.c
Linking C executable cmTC_4a340
/home/esteban/clion-2017.1.3/bin/cmake/bin/cmake -E cmake_link_script CMakeFiles/cmTC_4a340.dir/link.txt --verbose=1
/usr/bin/cc      CMakeFiles/cmTC_4a340.dir/CheckSymbolExists.c.o  -o cmTC_4a340 
CMakeFiles/cmTC_4a340.dir/CheckSymbolExists.c.o: En la función `main':
CheckSymbolExists.c:(.text+0x16): referencia a `pthread_create' sin definir
collect2: error: ld returned 1 exit status
CMakeFiles/cmTC_4a340.dir/build.make:97: fallo en las instrucciones para el objetivo 'cmTC_4a340'
make[1]: *** [cmTC_4a340] Error 1
make[1]: se sale del directorio '/home/esteban/Server/cmake-build-debug/CMakeFiles/CMakeTmp'
Makefile:126: fallo en las instrucciones para el objetivo 'cmTC_4a340/fast'
make: *** [cmTC_4a340/fast] Error 2

File /home/esteban/Server/cmake-build-debug/CMakeFiles/CMakeTmp/CheckSymbolExists.c:
/* */
#include <pthread.h>

int main(int argc, char** argv)
{
  (void)argv;
#ifndef pthread_create
  return ((int*)(&pthread_create))[argc];
#else
  (void)argc;
  return 0;
#endif
}

Determining if the function pthread_create exists in the pthreads failed with the following output:
Change Dir: /home/esteban/Server/cmake-build-debug/CMakeFiles/CMakeTmp

Run Build Command:"/usr/bin/make" "cmTC_b7f36/fast"
/usr/bin/make -f CMakeFiles/cmTC_b7f36.dir/build.make CMakeFiles/cmTC_b7f36.dir/build
make[1]: se entra en el directorio '/home/esteban/Server/cmake-build-debug/CMakeFiles/CMakeTmp'
Building C object CMakeFiles/cmTC_b7f36.dir/CheckFunctionExists.c.o
/usr/bin/cc   -DCHECK_FUNCTION_EXISTS=pthread_create   -o CMakeFiles/cmTC_b7f36.dir/CheckFunctionExists.c.o   -c /home/esteban/clion-2017.1.3/bin/cmake/share/cmake-3.8/Modules/CheckFunctionExists.c
Linking C executable cmTC_b7f36
/home/esteban/clion-2017.1.3/bin/cmake/bin/cmake -E cmake_link_script CMakeFiles/cmTC_b7f36.dir/link.txt --verbose=1
/usr/bin/cc  -DCHECK_FUNCTION_EXISTS=pthread_create    CMakeFiles/cmTC_b7f36.dir/CheckFunctionExists.c.o  -o cmTC_b7f36 -lpthreads 
/usr/bin/ld: no se puede encontrar -lpthreads
collect2: error: ld returned 1 exit status
CMakeFiles/cmTC_b7f36.dir/build.make:97: fallo en las instrucciones para el objetivo 'cmTC_b7f36'
make[1]: *** [cmTC_b7f36] Error 1
make[1]: se sale del directorio '/home/esteban/Server/cmake-build-debug/CMakeFiles/CMakeTmp'
Makefile:126: fallo en las instrucciones para el objetivo 'cmTC_b7f36/fast'
make: *** [cmTC_b7f36/fast] Error 2


